<?xml version="1.0" encoding="UTF-8"?>
<!-- Generated by org.testng.reporters.JUnitReportReporter -->
<testsuite skipped="0" hostname="DESKTOP-JIMP7RM" name="com.training.sanity.tests.DeleteCatogoryTests" tests="1" failures="0" timestamp="26 Aug 2019 05:26:32 GMT" time="12.899" errors="0">
  <testcase name="TestCase3" time="12.899" classname="com.training.sanity.tests.DeleteCatogoryTests"/>
</testsuite> <!-- com.training.sanity.tests.DeleteCatogoryTests -->
