<?xml version="1.0" encoding="UTF-8"?>
<!-- Generated by org.testng.reporters.JUnitReportReporter -->
<testsuite skipped="0" hostname="DESKTOP-JIMP7RM" name="com.training.sanity.tests.LoginTests" tests="1" failures="0" timestamp="27 Aug 2019 04:54:59 GMT" time="17.463" errors="0">
  <testcase name="Testcase1" time="17.463" classname="com.training.sanity.tests.LoginTests"/>
</testsuite> <!-- com.training.sanity.tests.LoginTests -->
