<?xml version="1.0" encoding="UTF-8"?>
<!-- Generated by org.testng.reporters.JUnitReportReporter -->
<testsuite skipped="0" hostname="DESKTOP-JIMP7RM" name="com.training.sanity.tests.CatloglinksTests" tests="1" failures="0" timestamp="26 Aug 2019 04:36:28 GMT" time="11.194" errors="0">
  <testcase name="TestCase2" time="11.194" classname="com.training.sanity.tests.CatloglinksTests"/>
</testsuite> <!-- com.training.sanity.tests.CatloglinksTests -->
